<results>
	<unknown file='Passenger_results.xml'>Missing Files to do the compare</unknown>
	<unknown file='Passenger2_results.xml'>Missing Files to do the compare</unknown>
</results>
